{"__type":"$$EventMessageAudit","id":"41b1589a-5a70-4269-8b24-b409985c46f2","ts":"2025-04-25T12:02:52.792+00:00","eventName":"n8n.audit.user.api.created","message":"n8n.audit.user.api.created","payload":{"userId":"33e496cf-5935-4248-939e-f4ce57acd1dd","_email":"taylorvargasteixeira@gmail.com","_firstName":"Taylor","_lastName":"Vargas Teixeira","globalRole":"global:owner"}}
{"__type":"$$EventMessageConfirm","confirm":"41b1589a-5a70-4269-8b24-b409985c46f2","ts":"2025-04-25T12:02:52.893+00:00","source":{"id":"0","name":"eventBus"}}
{"__type":"$$EventMessageAudit","id":"d722ed22-9ae5-4b74-b2af-d3dd6fb8b3dd","ts":"2025-04-25T12:05:36.312+00:00","eventName":"n8n.audit.workflow.created","message":"n8n.audit.workflow.created","payload":{"userId":"33e496cf-5935-4248-939e-f4ce57acd1dd","_email":"taylorvargasteixeira@gmail.com","_firstName":"Taylor","_lastName":"Vargas Teixeira","globalRole":"global:owner","workflowId":"zk5w3et5FbbipvcB","workflowName":"My workflow"}}
{"__type":"$$EventMessageConfirm","confirm":"d722ed22-9ae5-4b74-b2af-d3dd6fb8b3dd","ts":"2025-04-25T12:05:36.312+00:00","source":{"id":"0","name":"eventBus"}}
{"__type":"$$EventMessageWorkflow","id":"87227502-de59-49c1-8488-a9611691d4a0","ts":"2025-04-25T12:05:38.552+00:00","eventName":"n8n.workflow.started","message":"n8n.workflow.started","payload":{"executionId":"1","workflowId":"zk5w3et5FbbipvcB","isManual":false,"workflowName":"My workflow"}}
{"__type":"$$EventMessageConfirm","confirm":"87227502-de59-49c1-8488-a9611691d4a0","ts":"2025-04-25T12:05:38.553+00:00","source":{"id":"0","name":"eventBus"}}
{"__type":"$$EventMessageNode","id":"19702515-11b1-4c4f-88fd-d662e651d605","ts":"2025-04-25T12:05:38.562+00:00","eventName":"n8n.node.started","message":"n8n.node.started","payload":{"workflowId":"zk5w3et5FbbipvcB","workflowName":"My workflow","executionId":"1","nodeType":"n8n-nodes-base.manualTrigger","nodeName":"When clicking ‘Test workflow’"}}
{"__type":"$$EventMessageConfirm","confirm":"19702515-11b1-4c4f-88fd-d662e651d605","ts":"2025-04-25T12:05:38.562+00:00","source":{"id":"0","name":"eventBus"}}
{"__type":"$$EventMessageNode","id":"168ea081-9f47-4de3-8d38-0dfbe4a19096","ts":"2025-04-25T12:05:38.609+00:00","eventName":"n8n.node.finished","message":"n8n.node.finished","payload":{"workflowId":"zk5w3et5FbbipvcB","workflowName":"My workflow","executionId":"1","nodeType":"n8n-nodes-base.manualTrigger","nodeName":"When clicking ‘Test workflow’"}}
{"__type":"$$EventMessageConfirm","confirm":"168ea081-9f47-4de3-8d38-0dfbe4a19096","ts":"2025-04-25T12:05:38.610+00:00","source":{"id":"0","name":"eventBus"}}
{"__type":"$$EventMessageNode","id":"c447acb9-409d-40c4-9284-8391814631a3","ts":"2025-04-25T12:05:38.612+00:00","eventName":"n8n.node.started","message":"n8n.node.started","payload":{"workflowId":"zk5w3et5FbbipvcB","workflowName":"My workflow","executionId":"1","nodeType":"n8n-nodes-base.wait","nodeName":"Wait"}}
{"__type":"$$EventMessageConfirm","confirm":"c447acb9-409d-40c4-9284-8391814631a3","ts":"2025-04-25T12:05:38.612+00:00","source":{"id":"0","name":"eventBus"}}
{"__type":"$$EventMessageNode","id":"27b0c44f-51bd-42c8-bc3c-d8916099ce99","ts":"2025-04-25T12:05:43.642+00:00","eventName":"n8n.node.finished","message":"n8n.node.finished","payload":{"workflowId":"zk5w3et5FbbipvcB","workflowName":"My workflow","executionId":"1","nodeType":"n8n-nodes-base.wait","nodeName":"Wait"}}
{"__type":"$$EventMessageConfirm","confirm":"27b0c44f-51bd-42c8-bc3c-d8916099ce99","ts":"2025-04-25T12:05:43.642+00:00","source":{"id":"0","name":"eventBus"}}
{"__type":"$$EventMessageWorkflow","id":"7b613b3f-7b02-450b-9779-0db0cb6ba079","ts":"2025-04-25T12:05:43.649+00:00","eventName":"n8n.workflow.success","message":"n8n.workflow.success","payload":{"executionId":"1","userId":"33e496cf-5935-4248-939e-f4ce57acd1dd","success":true,"isManual":true,"workflowId":"zk5w3et5FbbipvcB","workflowName":"My workflow"}}
{"__type":"$$EventMessageConfirm","confirm":"7b613b3f-7b02-450b-9779-0db0cb6ba079","ts":"2025-04-25T12:05:43.649+00:00","source":{"id":"0","name":"eventBus"}}
{"__type":"$$EventMessageAudit","id":"3f977629-b6c0-452a-8e30-c0732b7ce671","ts":"2025-04-25T12:06:07.578+00:00","eventName":"n8n.audit.workflow.updated","message":"n8n.audit.workflow.updated","payload":{"userId":"33e496cf-5935-4248-939e-f4ce57acd1dd","_email":"taylorvargasteixeira@gmail.com","_firstName":"Taylor","_lastName":"Vargas Teixeira","globalRole":"global:owner","workflowId":"zk5w3et5FbbipvcB","workflowName":"My workflow"}}
{"__type":"$$EventMessageConfirm","confirm":"3f977629-b6c0-452a-8e30-c0732b7ce671","ts":"2025-04-25T12:06:07.578+00:00","source":{"id":"0","name":"eventBus"}}
{"__type":"$$EventMessageAudit","id":"f50728c8-80cb-4553-bf7f-1bbcd1947e76","ts":"2025-04-25T12:06:36.068+00:00","eventName":"n8n.audit.workflow.updated","message":"n8n.audit.workflow.updated","payload":{"userId":"33e496cf-5935-4248-939e-f4ce57acd1dd","_email":"taylorvargasteixeira@gmail.com","_firstName":"Taylor","_lastName":"Vargas Teixeira","globalRole":"global:owner","workflowId":"zk5w3et5FbbipvcB","workflowName":"My workflow"}}
{"__type":"$$EventMessageConfirm","confirm":"f50728c8-80cb-4553-bf7f-1bbcd1947e76","ts":"2025-04-25T12:06:36.068+00:00","source":{"id":"0","name":"eventBus"}}
{"__type":"$$EventMessageWorkflow","id":"3785cf1f-16fb-4241-a12b-33c70af86516","ts":"2025-04-25T12:06:44.022+00:00","eventName":"n8n.workflow.started","message":"n8n.workflow.started","payload":{"executionId":"2","workflowId":"zk5w3et5FbbipvcB","isManual":false,"workflowName":"My workflow"}}
{"__type":"$$EventMessageConfirm","confirm":"3785cf1f-16fb-4241-a12b-33c70af86516","ts":"2025-04-25T12:06:44.022+00:00","source":{"id":"0","name":"eventBus"}}
{"__type":"$$EventMessageNode","id":"50e13cd9-000d-46c4-8041-45631bbff979","ts":"2025-04-25T12:06:44.030+00:00","eventName":"n8n.node.started","message":"n8n.node.started","payload":{"workflowId":"zk5w3et5FbbipvcB","workflowName":"My workflow","executionId":"2","nodeType":"n8n-nodes-base.executeCommand","nodeName":"Execute Command"}}
{"__type":"$$EventMessageConfirm","confirm":"50e13cd9-000d-46c4-8041-45631bbff979","ts":"2025-04-25T12:06:44.030+00:00","source":{"id":"0","name":"eventBus"}}
{"__type":"$$EventMessageNode","id":"f420538a-fc91-40c8-b8c8-d8b8667d28af","ts":"2025-04-25T12:06:44.068+00:00","eventName":"n8n.node.finished","message":"n8n.node.finished","payload":{"workflowId":"zk5w3et5FbbipvcB","workflowName":"My workflow","executionId":"2","nodeType":"n8n-nodes-base.executeCommand","nodeName":"Execute Command"}}
{"__type":"$$EventMessageConfirm","confirm":"f420538a-fc91-40c8-b8c8-d8b8667d28af","ts":"2025-04-25T12:06:44.068+00:00","source":{"id":"0","name":"eventBus"}}
{"__type":"$$EventMessageWorkflow","id":"00cce5bb-51f8-4704-aea9-0e661c7391b4","ts":"2025-04-25T12:06:44.084+00:00","eventName":"n8n.workflow.success","message":"n8n.workflow.success","payload":{"executionId":"2","userId":"33e496cf-5935-4248-939e-f4ce57acd1dd","success":true,"isManual":true,"workflowId":"zk5w3et5FbbipvcB","workflowName":"My workflow"}}
{"__type":"$$EventMessageConfirm","confirm":"00cce5bb-51f8-4704-aea9-0e661c7391b4","ts":"2025-04-25T12:06:44.085+00:00","source":{"id":"0","name":"eventBus"}}
{"__type":"$$EventMessageAudit","id":"a0ae4b0e-72ee-496c-a9a8-1bfcad0e9eb8","ts":"2025-04-25T12:08:28.949+00:00","eventName":"n8n.audit.workflow.created","message":"n8n.audit.workflow.created","payload":{"userId":"33e496cf-5935-4248-939e-f4ce57acd1dd","_email":"taylorvargasteixeira@gmail.com","_firstName":"Taylor","_lastName":"Vargas Teixeira","globalRole":"global:owner","workflowId":"CFOffcifQtWTJZ4E","workflowName":"Demo: My first AI Agent in n8n"}}
{"__type":"$$EventMessageConfirm","confirm":"a0ae4b0e-72ee-496c-a9a8-1bfcad0e9eb8","ts":"2025-04-25T12:08:28.950+00:00","source":{"id":"0","name":"eventBus"}}
